<?xml version="1.0" encoding="UTF-8"?>
<!-- Generated by org.testng.reporters.JUnitReportReporter -->
<testsuite hostname="Sumanth" failures="0" tests="2" name="docker.Setup_DockerGrid" time="20.079" errors="0" timestamp="2023-02-23T05:28:19 IST" skipped="0">
  <testcase classname="docker.Setup_DockerGrid" name="startDockerGrid" time="15.052"/>
  <system-out/>
  <testcase classname="docker.Setup_DockerGrid" name="stopDockerGrid" time="5.027"/>
  <system-out/>
</testsuite> <!-- docker.Setup_DockerGrid -->
