<?xml version="1.0" encoding="UTF-8"?>
<!-- Generated by org.testng.reporters.JUnitReportReporter -->
<testsuite hostname="Sumanth" failures="0" tests="1" name="docker.ChromeTest3" time="12.732" errors="0" timestamp="2023-02-23T05:13:42 IST" skipped="0">
  <testcase classname="docker.ChromeTest3" name="test" time="12.732"/>
  <system-out/>
</testsuite> <!-- docker.ChromeTest3 -->
