<?xml version="1.0" encoding="UTF-8"?>
<!-- Generated by org.testng.reporters.JUnitReportReporter -->
<testsuite hostname="Sumanth" failures="0" tests="1" name="docker.ChromeTest1" time="14.746" errors="0" timestamp="23 Feb 2023 06:51:17 GMT" skipped="0">
  <testcase classname="docker.ChromeTest1" name="test" time="14.746"/>
</testsuite> <!-- docker.ChromeTest1 -->
