<?xml version="1.0" encoding="UTF-8"?>
<!-- Generated by org.testng.reporters.JUnitReportReporter -->
<testsuite hostname="Sumanth" failures="0" tests="1" name="docker.ChromeTest3" time="13.907" errors="0" timestamp="23 Feb 2023 06:51:17 GMT" skipped="0">
  <testcase classname="docker.ChromeTest3" name="test" time="13.907"/>
</testsuite> <!-- docker.ChromeTest3 -->
